0 info it worked if it ends with ok
1 verbose cli [ '/usr/bin/nodejs', '/usr/bin/npm', 'run', 'publish' ]
2 info using npm@3.5.2
3 info using node@v4.2.6
4 verbose run-script [ 'prepublish', 'publish', 'postpublish' ]
5 info lifecycle shower@2.1.9~prepublish: shower@2.1.9
6 silly lifecycle shower@2.1.9~prepublish: no script for prepublish, continuing
7 info lifecycle shower@2.1.9~publish: shower@2.1.9
8 verbose lifecycle shower@2.1.9~publish: unsafe-perm in lifecycle true
9 verbose lifecycle shower@2.1.9~publish: PATH: /usr/share/npm/bin/node-gyp-bin:/home/ian/Programming/Git/PATW 2017/PATW-2017-Thorium/node_modules/.bin:/home/ian/.cargo/bin:/home/ian/bin:/home/ian/.local/bin:/usr/local/sbin:/usr/local/bin:/usr/sbin:/usr/bin:/sbin:/bin:/usr/games:/usr/local/games:/snap/bin
10 verbose lifecycle shower@2.1.9~publish: CWD: /home/ian/Programming/Git/PATW 2017/PATW-2017-Thorium
11 silly lifecycle shower@2.1.9~publish: Args: [ '-c', 'gulp publish' ]
12 info lifecycle shower@2.1.9~publish: Failed to exec publish script
13 verbose stack Error: shower@2.1.9 publish: `gulp publish`
13 verbose stack spawn ENOENT
13 verbose stack     at ChildProcess.<anonymous> (/usr/share/npm/lib/utils/spawn.js:17:16)
13 verbose stack     at emitTwo (events.js:87:13)
13 verbose stack     at ChildProcess.emit (events.js:172:7)
13 verbose stack     at maybeClose (internal/child_process.js:821:16)
13 verbose stack     at Process.ChildProcess._handle.onexit (internal/child_process.js:211:5)
14 verbose pkgid shower@2.1.9
15 verbose cwd /home/ian/Programming/Git/PATW 2017/PATW-2017-Thorium
16 error Linux 4.8.0-41-generic
17 error argv "/usr/bin/nodejs" "/usr/bin/npm" "run" "publish"
18 error node v4.2.6
19 error npm  v3.5.2
20 error file sh
21 error code ELIFECYCLE
22 error errno ENOENT
23 error syscall spawn
24 error shower@2.1.9 publish: `gulp publish`
24 error spawn ENOENT
25 error Failed at the shower@2.1.9 publish script 'gulp publish'.
25 error Make sure you have the latest version of node.js and npm installed.
25 error If you do, this is most likely a problem with the shower package,
25 error not with npm itself.
25 error Tell the author that this fails on your system:
25 error     gulp publish
25 error You can get information on how to open an issue for this project with:
25 error     npm bugs shower
25 error Or if that isn't available, you can get their info via:
25 error     npm owner ls shower
25 error There is likely additional logging output above.
26 verbose exit [ 1, true ]
